Using pre-set license
Built from '2020.3/staging' branch; Version is '2020.3.28f1 (f5400f52e03f) revision 16072719'; Using compiler version '192528614'; Build Type 'Release'
OS: 'Windows 10  (10.0.19044) 64bit Education' Language: 'ko' Physical Memory: 16107 MB
BatchMode: 1, IsHumanControllingUs: 0, StartBugReporterOnCrash: 0, Is64bit: 1, IsPro: 0

COMMAND LINE ARGUMENTS:
C:\Program Files\Unity 2020.3.28f1\Editor\Unity.exe
-adb2
-batchMode
-noUpm
-name
AssetImportWorker1
-projectPath
C:/Users/임주영/Documents/GitHub/MakingIntro/Intro animation
-logFile
Logs/AssetImportWorker1.log
-srvPort
52378
Successfully changed project path to: C:/Users/임주영/Documents/GitHub/MakingIntro/Intro animation
C:/Users/임주영/Documents/GitHub/MakingIntro/Intro animation
Using Asset Import Pipeline V2.
Refreshing native plugins compatible for Editor in 101.60 ms, found 2 plugins.
Preloading 0 native plugins for Editor in 0.00 ms.
Initialize engine version: 2020.3.28f1 (f5400f52e03f)
[Subsystems] Discovering subsystems at path C:/Program Files/Unity 2020.3.28f1/Editor/Data/Resources/UnitySubsystems
[Subsystems] Discovering subsystems at path C:/Users/임주영/Documents/GitHub/MakingIntro/Intro animation/Assets
GfxDevice: creating device client; threaded=0
Direct3D:
    Version:  Direct3D 11.0 [level 11.1]
    Renderer: Intel(R) Iris(R) Xe Graphics (ID=0x9a49)
    Vendor:   
    VRAM:     8053 MB
    Driver:   30.0.100.9805
Initialize mono
Mono path[0] = 'C:/Program Files/Unity 2020.3.28f1/Editor/Data/Managed'
Mono path[1] = 'C:/Program Files/Unity 2020.3.28f1/Editor/Data/MonoBleedingEdge/lib/mono/unityjit'
Mono config path = 'C:/Program Files/Unity 2020.3.28f1/Editor/Data/MonoBleedingEdge/etc'
Using monoOptions --debugger-agent=transport=dt_socket,embedding=1,server=y,suspend=n,address=127.0.0.1:56720
Begin MonoManager ReloadAssembly
Registering precompiled unity dll's ...
Register platform support module: C:/Program Files/Unity 2020.3.28f1/Editor/Data/PlaybackEngines/WebGLSupport/UnityEditor.WebGL.Extensions.dll
Register platform support module: C:/Program Files/Unity 2020.3.28f1/Editor/Data/PlaybackEngines/WindowsStandaloneSupport/UnityEditor.WindowsStandalone.Extensions.dll
Registered in 0.004285 seconds.
Native extension for WindowsStandalone target not found
Native extension for WebGL target not found
Refreshing native plugins compatible for Editor in 98.06 ms, found 2 plugins.
Preloading 0 native plugins for Editor in 0.00 ms.
Mono: successfully reloaded assembly
- Completed reload, in  1.176 seconds
Domain Reload Profiling:
	ReloadAssembly (1177ms)
		BeginReloadAssembly (119ms)
			ExecutionOrderSort (0ms)
			DisableScriptedObjects (0ms)
			BackupInstance (0ms)
			ReleaseScriptingObjects (0ms)
			CreateAndSetChildDomain (1ms)
		EndReloadAssembly (911ms)
			LoadAssemblies (116ms)
			RebuildTransferFunctionScriptingTraits (0ms)
			SetupTypeCache (282ms)
			ReleaseScriptCaches (0ms)
			RebuildScriptCaches (58ms)
			SetupLoadedEditorAssemblies (368ms)
				LogAssemblyErrors (0ms)
				InitializePlatformSupportModulesInManaged (11ms)
				SetLoadedEditorAssemblies (0ms)
				RefreshPlugins (98ms)
				BeforeProcessingInitializeOnLoad (27ms)
				ProcessInitializeOnLoadAttributes (178ms)
				ProcessInitializeOnLoadMethodAttributes (53ms)
				AfterProcessingInitializeOnLoad (0ms)
				EditorAssembliesLoaded (0ms)
			ExecutionOrderSort2 (0ms)
			AwakeInstancesAfterBackupRestoration (0ms)
Platform modules already initialized, skipping
Registering precompiled user dll's ...
Registered in 0.005321 seconds.
Begin MonoManager ReloadAssembly
Symbol file data-00000207117F8E20 doesn't match image C:\Users\임주영\Documents\GitHub\MakingIntro\Intro animation\Library\ScriptAssemblies\Unity.Services.Core.Editor.dll
Symbol file LoadedFromMemory is not a mono symbol file
Symbol file data-00000207117A7030 doesn't match image C:\Users\임주영\Documents\GitHub\MakingIntro\Intro animation\Library\ScriptAssemblies\Cinemachine.dll
Symbol file LoadedFromMemory is not a mono symbol file
Symbol file data-000002071186E820 doesn't match image C:\Users\임주영\Documents\GitHub\MakingIntro\Intro animation\Library\ScriptAssemblies\Unity.VSCode.Editor.dll
Symbol file LoadedFromMemory is not a mono symbol file
Symbol file data-0000020710869A70 doesn't match image C:\Users\임주영\Documents\GitHub\MakingIntro\Intro animation\Library\ScriptAssemblies\com.unity.cinemachine.editor.dll
Symbol file LoadedFromMemory is not a mono symbol file
Symbol file data-0000020711ABB220 doesn't match image C:\Users\임주영\Documents\GitHub\MakingIntro\Intro animation\Library\ScriptAssemblies\Unity.TextMeshPro.Editor.dll
Symbol file LoadedFromMemory is not a mono symbol file
Symbol file data-0000020711A0D560 doesn't match image C:\Users\임주영\Documents\GitHub\MakingIntro\Intro animation\Library\ScriptAssemblies\Unity.VisualStudio.Editor.dll
Symbol file LoadedFromMemory is not a mono symbol file
Symbol file data-0000020711ABB220 doesn't match image C:\Users\임주영\Documents\GitHub\MakingIntro\Intro animation\Library\ScriptAssemblies\UnityEngine.TestRunner.dll
Symbol file LoadedFromMemory is not a mono symbol file
Symbol file data-0000020710411020 doesn't match image C:\Users\임주영\Documents\GitHub\MakingIntro\Intro animation\Library\ScriptAssemblies\Unity.Timeline.Editor.dll
Symbol file LoadedFromMemory is not a mono symbol file
Symbol file data-0000020710430430 doesn't match image C:\Users\임주영\Documents\GitHub\MakingIntro\Intro animation\Library\ScriptAssemblies\Unity.Timeline.dll
Symbol file LoadedFromMemory is not a mono symbol file
Symbol file data-0000020710430430 doesn't match image C:\Users\임주영\Documents\GitHub\MakingIntro\Intro animation\Library\ScriptAssemblies\Unity.TextMeshPro.dll
Symbol file LoadedFromMemory is not a mono symbol file
Symbol file data-0000020711A51620 doesn't match image C:\Users\임주영\Documents\GitHub\MakingIntro\Intro animation\Library\ScriptAssemblies\Unity.CollabProxy.Editor.dll
Symbol file LoadedFromMemory is not a mono symbol file
Symbol file data-0000020710B28230 doesn't match image C:\Users\임주영\Documents\GitHub\MakingIntro\Intro animation\Library\ScriptAssemblies\UnityEditor.TestRunner.dll
Symbol file LoadedFromMemory is not a mono symbol file
Symbol file data-0000020711D0AE40 doesn't match image C:\Users\임주영\Documents\GitHub\MakingIntro\Intro animation\Library\ScriptAssemblies\UnityEditor.UI.dll
Symbol file LoadedFromMemory is not a mono symbol file
Symbol file data-0000020711D0AE40 doesn't match image C:\Users\임주영\Documents\GitHub\MakingIntro\Intro animation\Library\ScriptAssemblies\Unity.Rider.Editor.dll
Symbol file LoadedFromMemory is not a mono symbol file
Symbol file data-00000207109EE230 doesn't match image C:\Users\임주영\Documents\GitHub\MakingIntro\Intro animation\Library\ScriptAssemblies\UnityEngine.UI.dll
Symbol file LoadedFromMemory is not a mono symbol file
Symbol file data-000002070C8FAB30 doesn't match image C:\Users\임주영\Documents\GitHub\MakingIntro\Intro animation\Library\ScriptAssemblies\Unity.PlasticSCM.Editor.dll
Symbol file LoadedFromMemory is not a mono symbol file
Native extension for WindowsStandalone target not found
Native extension for WebGL target not found
Refreshing native plugins compatible for Editor in 0.83 ms, found 2 plugins.
Preloading 0 native plugins for Editor in 0.00 ms.
Mono: successfully reloaded assembly
- Completed reload, in 16.208 seconds
Domain Reload Profiling:
	ReloadAssembly (16215ms)
		BeginReloadAssembly (362ms)
			ExecutionOrderSort (0ms)
			DisableScriptedObjects (9ms)
			BackupInstance (0ms)
			ReleaseScriptingObjects (0ms)
			CreateAndSetChildDomain (43ms)
		EndReloadAssembly (15679ms)
			LoadAssemblies (5733ms)
			RebuildTransferFunctionScriptingTraits (0ms)
			SetupTypeCache (1976ms)
			ReleaseScriptCaches (1ms)
			RebuildScriptCaches (103ms)
			SetupLoadedEditorAssemblies (7722ms)
				LogAssemblyErrors (0ms)
				InitializePlatformSupportModulesInManaged (11ms)
				SetLoadedEditorAssemblies (1ms)
				RefreshPlugins (1ms)
				BeforeProcessingInitializeOnLoad (196ms)
				ProcessInitializeOnLoadAttributes (5964ms)
				ProcessInitializeOnLoadMethodAttributes (1540ms)
				AfterProcessingInitializeOnLoad (10ms)
				EditorAssembliesLoaded (0ms)
			ExecutionOrderSort2 (0ms)
			AwakeInstancesAfterBackupRestoration (12ms)
Platform modules already initialized, skipping
========================================================================
Worker process is ready to serve import requests
Launched and connected shader compiler UnityShaderCompiler.exe after 0.14 seconds
Refreshing native plugins compatible for Editor in 0.69 ms, found 2 plugins.
Preloading 0 native plugins for Editor in 0.00 ms.
Unloading 2156 Unused Serialized files (Serialized files now loaded: 0)
System memory in use before: 102.1 MB.
System memory in use after: 102.1 MB.

Unloading 19 unused Assets to reduce memory usage. Loaded Objects now: 2600.
Total: 5.665100 ms (FindLiveObjects: 0.174100 ms CreateObjectMapping: 0.095400 ms MarkObjects: 5.246900 ms  DeleteObjects: 0.147300 ms)

AssetImportParameters requested are different than current active one (requested -> active):
  custom:framework-win-MediaFoundation: 216162199b28c13a410421893ffa2e32 -> 
  custom:video-decoder-ogg-theora: a1e56fd34408186e4bbccfd4996cb3dc -> 
  custom:container-muxer-webm: aa71ff27fc2769a1b78a27578f13a17b -> 
  custom:container-demuxer-webm: 4f35f7cbe854078d1ac9338744f61a02 -> 
  custom:container-demuxer-ogg: 62fdf1f143b41e24485cea50d1cbac27 -> 
  custom:video-encoder-webm-vp8: eb34c28f22e8b96e1ab97ce403110664 -> 
  custom:video-decoder-webm-vp8: 9c59270c3fd7afecdb556c50c9e8de78 -> 
  custom:audio-decoder-ogg-vorbis: bf7c407c2cedff20999df2af8eb42d56 -> 
  custom:audio-encoder-webm-vorbis: bf7c407c2cedff20999df2af8eb42d56 -> 
========================================================================
Received Import Request.
  path: Assets/05.Prefabs/Remy@Kneeling Down (1).fbx
  artifactKey: Guid(0b907c1656d2c0846aaaa82a10d32c9a) Importer(815301076,1909f56bfc062723c751e8b465ee728b)
Start importing Assets/05.Prefabs/Remy@Kneeling Down (1).fbx using Guid(0b907c1656d2c0846aaaa82a10d32c9a) Importer(815301076,1909f56bfc062723c751e8b465ee728b)  -> (artifact id: '0d5f4459da51759d06c295d5e4cf0eb5') in 0.622130 seconds 
  Import took 0.631180 seconds .

========================================================================
Received Import Request.
  Time since last request: 3.494537 seconds.
  path: Assets/05.Prefabs/intro_Doll 1.prefab
  artifactKey: Guid(3154f5389129b2543be9ad65f8143a7a) Importer(815301076,1909f56bfc062723c751e8b465ee728b)
Start importing Assets/05.Prefabs/intro_Doll 1.prefab using Guid(3154f5389129b2543be9ad65f8143a7a) Importer(815301076,1909f56bfc062723c751e8b465ee728b)  -> (artifact id: '17088a48cd5d4f5d100088689a18b90e') in 0.190220 seconds 
  Import took 0.198536 seconds .

========================================================================
Received Import Request.
  Time since last request: 0.855191 seconds.
  path: Assets/05.Prefabs/Doll.prefab
  artifactKey: Guid(bc081a5ed0fbbb947b51178b6e8cfd6e) Importer(815301076,1909f56bfc062723c751e8b465ee728b)
Start importing Assets/05.Prefabs/Doll.prefab using Guid(bc081a5ed0fbbb947b51178b6e8cfd6e) Importer(815301076,1909f56bfc062723c751e8b465ee728b)  -> (artifact id: '1ad0fc06107b744c8ccf1e9bac6ddf14') in 0.153095 seconds 
  Import took 0.160096 seconds .

========================================================================
Received Import Request.
  Time since last request: 1.094009 seconds.
  path: Assets/05.Prefabs/intro_Doll.prefab
  artifactKey: Guid(9c0190b7ecbdbaf438bfbce8172cc0d2) Importer(815301076,1909f56bfc062723c751e8b465ee728b)
Start importing Assets/05.Prefabs/intro_Doll.prefab using Guid(9c0190b7ecbdbaf438bfbce8172cc0d2) Importer(815301076,1909f56bfc062723c751e8b465ee728b)  -> (artifact id: '45c98fd45f59e318606c288cb57fdd86') in 0.161380 seconds 
  Import took 0.168151 seconds .

========================================================================
Received Import Request.
  Time since last request: 82.712328 seconds.
  path: Assets/05.Prefabs/Kneelingdown.controller
  artifactKey: Guid(04645a31f7214a1488f3157d51132e2f) Importer(815301076,1909f56bfc062723c751e8b465ee728b)
Start importing Assets/05.Prefabs/Kneelingdown.controller using Guid(04645a31f7214a1488f3157d51132e2f) Importer(815301076,1909f56bfc062723c751e8b465ee728b)  -> (artifact id: 'cef48d40f43da80758f05b2dea352af8') in 0.022999 seconds 
  Import took 0.029445 seconds .

========================================================================
Received Prepare
Registering precompiled user dll's ...
Registered in 0.005656 seconds.
Begin MonoManager ReloadAssembly
Symbol file data-0000020715092010 doesn't match image C:\Users\임주영\Documents\GitHub\MakingIntro\Intro animation\Library\ScriptAssemblies\Unity.Services.Core.Editor.dll
Symbol file LoadedFromMemory is not a mono symbol file
Symbol file data-0000020712992010 doesn't match image C:\Users\임주영\Documents\GitHub\MakingIntro\Intro animation\Library\ScriptAssemblies\Cinemachine.dll
Symbol file LoadedFromMemory is not a mono symbol file
Symbol file data-00000207166B8DC0 doesn't match image C:\Users\임주영\Documents\GitHub\MakingIntro\Intro animation\Library\ScriptAssemblies\Unity.VSCode.Editor.dll
Symbol file LoadedFromMemory is not a mono symbol file
Symbol file data-0000020712992010 doesn't match image C:\Users\임주영\Documents\GitHub\MakingIntro\Intro animation\Library\ScriptAssemblies\com.unity.cinemachine.editor.dll
Symbol file LoadedFromMemory is not a mono symbol file
Symbol file data-0000020712992010 doesn't match image C:\Users\임주영\Documents\GitHub\MakingIntro\Intro animation\Library\ScriptAssemblies\Unity.TextMeshPro.Editor.dll
Symbol file LoadedFromMemory is not a mono symbol file
Symbol file data-00000207122BA060 doesn't match image C:\Users\임주영\Documents\GitHub\MakingIntro\Intro animation\Library\ScriptAssemblies\Unity.VisualStudio.Editor.dll
Symbol file LoadedFromMemory is not a mono symbol file
Symbol file data-0000020711944C30 doesn't match image C:\Users\임주영\Documents\GitHub\MakingIntro\Intro animation\Library\ScriptAssemblies\UnityEngine.TestRunner.dll
Symbol file LoadedFromMemory is not a mono symbol file
Symbol file data-00000207121D5020 doesn't match image C:\Users\임주영\Documents\GitHub\MakingIntro\Intro animation\Library\ScriptAssemblies\Unity.Timeline.Editor.dll
Symbol file LoadedFromMemory is not a mono symbol file
Symbol file data-000002070FE5A010 doesn't match image C:\Users\임주영\Documents\GitHub\MakingIntro\Intro animation\Library\ScriptAssemblies\Unity.Timeline.dll
Symbol file LoadedFromMemory is not a mono symbol file
Symbol file data-000002071045AE30 doesn't match image C:\Users\임주영\Documents\GitHub\MakingIntro\Intro animation\Library\ScriptAssemblies\Unity.TextMeshPro.dll
Symbol file LoadedFromMemory is not a mono symbol file
Symbol file data-000002070C8EE2C0 doesn't match image C:\Users\임주영\Documents\GitHub\MakingIntro\Intro animation\Library\ScriptAssemblies\Unity.CollabProxy.Editor.dll
Symbol file LoadedFromMemory is not a mono symbol file
Symbol file data-000002070FE5A010 doesn't match image C:\Users\임주영\Documents\GitHub\MakingIntro\Intro animation\Library\ScriptAssemblies\UnityEditor.TestRunner.dll
Symbol file LoadedFromMemory is not a mono symbol file
Symbol file data-0000020711D82C20 doesn't match image C:\Users\임주영\Documents\GitHub\MakingIntro\Intro animation\Library\ScriptAssemblies\UnityEditor.UI.dll
Symbol file LoadedFromMemory is not a mono symbol file
Symbol file data-00000207109BB440 doesn't match image C:\Users\임주영\Documents\GitHub\MakingIntro\Intro animation\Library\ScriptAssemblies\Unity.Rider.Editor.dll
Symbol file LoadedFromMemory is not a mono symbol file
Symbol file data-000002071091E480 doesn't match image C:\Users\임주영\Documents\GitHub\MakingIntro\Intro animation\Library\ScriptAssemblies\UnityEngine.UI.dll
Symbol file LoadedFromMemory is not a mono symbol file
Symbol file data-000002071091E480 doesn't match image C:\Users\임주영\Documents\GitHub\MakingIntro\Intro animation\Library\ScriptAssemblies\Unity.PlasticSCM.Editor.dll
Symbol file LoadedFromMemory is not a mono symbol file
Native extension for WindowsStandalone target not found
Native extension for WebGL target not found
Refreshing native plugins compatible for Editor in 0.90 ms, found 2 plugins.
Preloading 0 native plugins for Editor in 0.00 ms.
Mono: successfully reloaded assembly
- Completed reload, in  2.568 seconds
Domain Reload Profiling:
	ReloadAssembly (2569ms)
		BeginReloadAssembly (237ms)
			ExecutionOrderSort (0ms)
			DisableScriptedObjects (7ms)
			BackupInstance (0ms)
			ReleaseScriptingObjects (0ms)
			CreateAndSetChildDomain (78ms)
		EndReloadAssembly (2186ms)
			LoadAssemblies (203ms)
			RebuildTransferFunctionScriptingTraits (0ms)
			SetupTypeCache (643ms)
			ReleaseScriptCaches (2ms)
			RebuildScriptCaches (99ms)
			SetupLoadedEditorAssemblies (1026ms)
				LogAssemblyErrors (0ms)
				InitializePlatformSupportModulesInManaged (11ms)
				SetLoadedEditorAssemblies (1ms)
				RefreshPlugins (1ms)
				BeforeProcessingInitializeOnLoad (209ms)
				ProcessInitializeOnLoadAttributes (771ms)
				ProcessInitializeOnLoadMethodAttributes (19ms)
				AfterProcessingInitializeOnLoad (13ms)
				EditorAssembliesLoaded (1ms)
			ExecutionOrderSort2 (0ms)
			AwakeInstancesAfterBackupRestoration (14ms)
Platform modules already initialized, skipping
Refreshing native plugins compatible for Editor in 0.80 ms, found 2 plugins.
Preloading 0 native plugins for Editor in 0.00 ms.
Unloading 2118 Unused Serialized files (Serialized files now loaded: 0)
System memory in use before: 115.9 MB.
System memory in use after: 116.0 MB.

Unloading 14 unused Assets to reduce memory usage. Loaded Objects now: 2646.
Total: 5.864200 ms (FindLiveObjects: 0.287300 ms CreateObjectMapping: 0.123500 ms MarkObjects: 5.312200 ms  DeleteObjects: 0.138800 ms)

AssetImportParameters requested are different than current active one (requested -> active):
  custom:framework-win-MediaFoundation: 216162199b28c13a410421893ffa2e32 -> 
  custom:video-decoder-ogg-theora: a1e56fd34408186e4bbccfd4996cb3dc -> 
  custom:container-muxer-webm: aa71ff27fc2769a1b78a27578f13a17b -> 
  custom:container-demuxer-webm: 4f35f7cbe854078d1ac9338744f61a02 -> 
  custom:container-demuxer-ogg: 62fdf1f143b41e24485cea50d1cbac27 -> 
  custom:video-encoder-webm-vp8: eb34c28f22e8b96e1ab97ce403110664 -> 
  custom:video-decoder-webm-vp8: 9c59270c3fd7afecdb556c50c9e8de78 -> 
  custom:audio-decoder-ogg-vorbis: bf7c407c2cedff20999df2af8eb42d56 -> 
  custom:audio-encoder-webm-vorbis: bf7c407c2cedff20999df2af8eb42d56 -> 
AssetImportWorkerClient::OnTransportError - code=2 error=End of file
