Using pre-set license
Built from '2020.3/staging' branch; Version is '2020.3.28f1 (f5400f52e03f) revision 16072719'; Using compiler version '192528614'; Build Type 'Release'
OS: 'Windows 10  (10.0.19044) 64bit Education' Language: 'ko' Physical Memory: 16107 MB
BatchMode: 1, IsHumanControllingUs: 0, StartBugReporterOnCrash: 0, Is64bit: 1, IsPro: 0

COMMAND LINE ARGUMENTS:
C:\Program Files\Unity 2020.3.28f1\Editor\Unity.exe
-adb2
-batchMode
-noUpm
-name
AssetImportWorker0
-projectPath
C:/Users/임주영/Documents/GitHub/MakingIntro/Intro animation
-logFile
Logs/AssetImportWorker0.log
-srvPort
52017
Successfully changed project path to: C:/Users/임주영/Documents/GitHub/MakingIntro/Intro animation
C:/Users/임주영/Documents/GitHub/MakingIntro/Intro animation
Using Asset Import Pipeline V2.
Refreshing native plugins compatible for Editor in 124.02 ms, found 5 plugins.
Preloading 0 native plugins for Editor in 0.00 ms.
Initialize engine version: 2020.3.28f1 (f5400f52e03f)
[Subsystems] Discovering subsystems at path C:/Program Files/Unity 2020.3.28f1/Editor/Data/Resources/UnitySubsystems
[Subsystems] Discovering subsystems at path C:/Users/임주영/Documents/GitHub/MakingIntro/Intro animation/Assets
GfxDevice: creating device client; threaded=0
Direct3D:
    Version:  Direct3D 11.0 [level 11.1]
    Renderer: Intel(R) Iris(R) Xe Graphics (ID=0x9a49)
    Vendor:   
    VRAM:     8053 MB
    Driver:   30.0.100.9805
Initialize mono
Mono path[0] = 'C:/Program Files/Unity 2020.3.28f1/Editor/Data/Managed'
Mono path[1] = 'C:/Program Files/Unity 2020.3.28f1/Editor/Data/MonoBleedingEdge/lib/mono/unityjit'
Mono config path = 'C:/Program Files/Unity 2020.3.28f1/Editor/Data/MonoBleedingEdge/etc'
Using monoOptions --debugger-agent=transport=dt_socket,embedding=1,server=y,suspend=n,address=127.0.0.1:56256
Begin MonoManager ReloadAssembly
Registering precompiled unity dll's ...
Register platform support module: C:/Program Files/Unity 2020.3.28f1/Editor/Data/PlaybackEngines/WebGLSupport/UnityEditor.WebGL.Extensions.dll
Register platform support module: C:/Program Files/Unity 2020.3.28f1/Editor/Data/PlaybackEngines/WindowsStandaloneSupport/UnityEditor.WindowsStandalone.Extensions.dll
Registered in 0.046179 seconds.
Native extension for WindowsStandalone target not found
Native extension for WebGL target not found
Refreshing native plugins compatible for Editor in 107.97 ms, found 5 plugins.
Preloading 0 native plugins for Editor in 0.00 ms.
Mono: successfully reloaded assembly
- Completed reload, in  1.384 seconds
Domain Reload Profiling:
	ReloadAssembly (1384ms)
		BeginReloadAssembly (173ms)
			ExecutionOrderSort (0ms)
			DisableScriptedObjects (0ms)
			BackupInstance (0ms)
			ReleaseScriptingObjects (0ms)
			CreateAndSetChildDomain (1ms)
		EndReloadAssembly (1025ms)
			LoadAssemblies (172ms)
			RebuildTransferFunctionScriptingTraits (0ms)
			SetupTypeCache (281ms)
			ReleaseScriptCaches (0ms)
			RebuildScriptCaches (58ms)
			SetupLoadedEditorAssemblies (400ms)
				LogAssemblyErrors (0ms)
				InitializePlatformSupportModulesInManaged (10ms)
				SetLoadedEditorAssemblies (1ms)
				RefreshPlugins (108ms)
				BeforeProcessingInitializeOnLoad (28ms)
				ProcessInitializeOnLoadAttributes (158ms)
				ProcessInitializeOnLoadMethodAttributes (95ms)
				AfterProcessingInitializeOnLoad (0ms)
				EditorAssembliesLoaded (0ms)
			ExecutionOrderSort2 (0ms)
			AwakeInstancesAfterBackupRestoration (0ms)
Platform modules already initialized, skipping
Registering precompiled user dll's ...
Registered in 0.012662 seconds.
Begin MonoManager ReloadAssembly
Symbol file data-00000190F5FAA040 doesn't match image C:\Users\임주영\Documents\GitHub\MakingIntro\Intro animation\Library\ScriptAssemblies\Unity.Services.Core.Editor.dll
Symbol file LoadedFromMemory is not a mono symbol file
Symbol file data-00000190F7EC5010 doesn't match image C:\Users\임주영\Documents\GitHub\MakingIntro\Intro animation\Library\ScriptAssemblies\Cinemachine.dll
Symbol file LoadedFromMemory is not a mono symbol file
Symbol file data-00000190F7EC7670 doesn't match image C:\Users\임주영\Documents\GitHub\MakingIntro\Intro animation\Library\ScriptAssemblies\Unity.VSCode.Editor.dll
Symbol file LoadedFromMemory is not a mono symbol file
Symbol file data-00000190F5FEF060 doesn't match image C:\Users\임주영\Documents\GitHub\MakingIntro\Intro animation\Library\ScriptAssemblies\com.unity.cinemachine.editor.dll
Symbol file LoadedFromMemory is not a mono symbol file
Symbol file data-00000190F5FEF060 doesn't match image C:\Users\임주영\Documents\GitHub\MakingIntro\Intro animation\Library\ScriptAssemblies\Unity.TextMeshPro.Editor.dll
Symbol file LoadedFromMemory is not a mono symbol file
Symbol file data-00000190F7D28820 doesn't match image C:\Users\임주영\Documents\GitHub\MakingIntro\Intro animation\Library\ScriptAssemblies\Unity.VisualStudio.Editor.dll
Symbol file LoadedFromMemory is not a mono symbol file
Symbol file data-00000190F6935220 doesn't match image C:\Users\임주영\Documents\GitHub\MakingIntro\Intro animation\Library\ScriptAssemblies\UnityEngine.TestRunner.dll
Symbol file LoadedFromMemory is not a mono symbol file
Symbol file data-00000190F82EB020 doesn't match image C:\Users\임주영\Documents\GitHub\MakingIntro\Intro animation\Library\ScriptAssemblies\Unity.Timeline.Editor.dll
Symbol file LoadedFromMemory is not a mono symbol file
Symbol file data-00000190F5FEF060 doesn't match image C:\Users\임주영\Documents\GitHub\MakingIntro\Intro animation\Library\ScriptAssemblies\Unity.Timeline.dll
Symbol file LoadedFromMemory is not a mono symbol file
Symbol file data-00000190F8928E50 doesn't match image C:\Users\임주영\Documents\GitHub\MakingIntro\Intro animation\Library\ScriptAssemblies\Unity.TextMeshPro.dll
Symbol file LoadedFromMemory is not a mono symbol file
Symbol file data-00000190F5FEF060 doesn't match image C:\Users\임주영\Documents\GitHub\MakingIntro\Intro animation\Library\ScriptAssemblies\Unity.CollabProxy.Editor.dll
Symbol file LoadedFromMemory is not a mono symbol file
Symbol file data-00000190F5FEF060 doesn't match image C:\Users\임주영\Documents\GitHub\MakingIntro\Intro animation\Library\ScriptAssemblies\UnityEditor.TestRunner.dll
Symbol file LoadedFromMemory is not a mono symbol file
Symbol file data-00000190F7D28820 doesn't match image C:\Users\임주영\Documents\GitHub\MakingIntro\Intro animation\Library\ScriptAssemblies\UnityEditor.UI.dll
Symbol file LoadedFromMemory is not a mono symbol file
Symbol file data-00000190F824BE20 doesn't match image C:\Users\임주영\Documents\GitHub\MakingIntro\Intro animation\Library\ScriptAssemblies\Unity.Rider.Editor.dll
Symbol file LoadedFromMemory is not a mono symbol file
Symbol file data-00000190F62AE030 doesn't match image C:\Users\임주영\Documents\GitHub\MakingIntro\Intro animation\Library\ScriptAssemblies\UnityEngine.UI.dll
Symbol file LoadedFromMemory is not a mono symbol file
Symbol file data-00000190F62AE030 doesn't match image C:\Users\임주영\Documents\GitHub\MakingIntro\Intro animation\Library\ScriptAssemblies\Unity.PlasticSCM.Editor.dll
Symbol file LoadedFromMemory is not a mono symbol file
Native extension for WindowsStandalone target not found
Native extension for WebGL target not found
Refreshing native plugins compatible for Editor in 0.94 ms, found 5 plugins.
Preloading 0 native plugins for Editor in 0.00 ms.
[Auto Package] : Couldn't find the packages list. Be sure there is a file called PackageImportList in your project
UnityEngine.StackTraceUtility:ExtractStackTrace ()
UnityEngine.DebugLogHandler:LogFormat (UnityEngine.LogType,UnityEngine.Object,string,object[])
UnityEngine.Logger:Log (UnityEngine.LogType,object)
UnityEngine.Debug:LogError (object)
SNAP.PackageChecker:CheckPackage () (at Assets/AssetStoreOriginals/_SNAPS_PrototypingAssets/Scripts/Editor/PackageChecker/PackageChecker.cs:40)
System.Reflection.MonoMethod:Invoke (object,System.Reflection.BindingFlags,System.Reflection.Binder,object[],System.Globalization.CultureInfo)
System.Reflection.MethodBase:Invoke (object,object[])
UnityEditor.EditorAssemblies:ProcessInitializeOnLoadMethodAttributes ()

(Filename: Assets/AssetStoreOriginals/_SNAPS_PrototypingAssets/Scripts/Editor/PackageChecker/PackageChecker.cs Line: 40)

Mono: successfully reloaded assembly
- Completed reload, in  3.292 seconds
Domain Reload Profiling:
	ReloadAssembly (3293ms)
		BeginReloadAssembly (274ms)
			ExecutionOrderSort (0ms)
			DisableScriptedObjects (8ms)
			BackupInstance (0ms)
			ReleaseScriptingObjects (0ms)
			CreateAndSetChildDomain (32ms)
		EndReloadAssembly (2901ms)
			LoadAssemblies (214ms)
			RebuildTransferFunctionScriptingTraits (0ms)
			SetupTypeCache (532ms)
			ReleaseScriptCaches (1ms)
			RebuildScriptCaches (110ms)
			SetupLoadedEditorAssemblies (1880ms)
				LogAssemblyErrors (0ms)
				InitializePlatformSupportModulesInManaged (11ms)
				SetLoadedEditorAssemblies (1ms)
				RefreshPlugins (1ms)
				BeforeProcessingInitializeOnLoad (188ms)
				ProcessInitializeOnLoadAttributes (1543ms)
				ProcessInitializeOnLoadMethodAttributes (123ms)
				AfterProcessingInitializeOnLoad (12ms)
				EditorAssembliesLoaded (1ms)
			ExecutionOrderSort2 (0ms)
			AwakeInstancesAfterBackupRestoration (12ms)
Platform modules already initialized, skipping
========================================================================
Worker process is ready to serve import requests
Launched and connected shader compiler UnityShaderCompiler.exe after 0.13 seconds
Refreshing native plugins compatible for Editor in 0.87 ms, found 5 plugins.
Preloading 0 native plugins for Editor in 0.00 ms.
Unloading 2305 Unused Serialized files (Serialized files now loaded: 0)
System memory in use before: 107.1 MB.
System memory in use after: 107.3 MB.

Unloading 26 unused Assets to reduce memory usage. Loaded Objects now: 2742.
Total: 5.745000 ms (FindLiveObjects: 0.222900 ms CreateObjectMapping: 0.115400 ms MarkObjects: 5.187900 ms  DeleteObjects: 0.217200 ms)

AssetImportParameters requested are different than current active one (requested -> active):
  custom:framework-win-MediaFoundation: 216162199b28c13a410421893ffa2e32 -> 
  custom:video-decoder-ogg-theora: a1e56fd34408186e4bbccfd4996cb3dc -> 
  custom:container-muxer-webm: aa71ff27fc2769a1b78a27578f13a17b -> 
  custom:container-demuxer-webm: 4f35f7cbe854078d1ac9338744f61a02 -> 
  custom:container-demuxer-ogg: 62fdf1f143b41e24485cea50d1cbac27 -> 
  custom:video-encoder-webm-vp8: eb34c28f22e8b96e1ab97ce403110664 -> 
  custom:video-decoder-webm-vp8: 9c59270c3fd7afecdb556c50c9e8de78 -> 
  custom:audio-decoder-ogg-vorbis: bf7c407c2cedff20999df2af8eb42d56 -> 
  custom:audio-encoder-webm-vorbis: bf7c407c2cedff20999df2af8eb42d56 -> 
========================================================================
Received Import Request.
  path: Assets/Animations/Test4.anim
  artifactKey: Guid(d422cdc2a58e0b544b68f59d86de8df3) Importer(815301076,1909f56bfc062723c751e8b465ee728b)
Start importing Assets/Animations/Test4.anim using Guid(d422cdc2a58e0b544b68f59d86de8df3) Importer(815301076,1909f56bfc062723c751e8b465ee728b)  -> (artifact id: '240e804135ab5420c688dc1a23791a9f') in 0.057792 seconds 
  Import took 0.064317 seconds .

========================================================================
Received Import Request.
  Time since last request: 5.396990 seconds.
  path: Assets/Animations/Main Camera 1.controller
  artifactKey: Guid(d3890d1a4e70f1b46be09f390b6e41f5) Importer(815301076,1909f56bfc062723c751e8b465ee728b)
Start importing Assets/Animations/Main Camera 1.controller using Guid(d3890d1a4e70f1b46be09f390b6e41f5) Importer(815301076,1909f56bfc062723c751e8b465ee728b)  -> (artifact id: '093728b015922ff8596a65d1af961d16') in 0.022044 seconds 
  Import took 0.028313 seconds .

========================================================================
Received Import Request.
  Time since last request: 515.651875 seconds.
  path: Assets/ToonyTinyPeople/TT_demo
  artifactKey: Guid(b90319906218d7a4abfbedaa206e3189) Importer(815301076,1909f56bfc062723c751e8b465ee728b)
Start importing Assets/ToonyTinyPeople/TT_demo using Guid(b90319906218d7a4abfbedaa206e3189) Importer(815301076,1909f56bfc062723c751e8b465ee728b)  -> (artifact id: '7597df66d8888b08b1982d1aa722d6ea') in 0.007674 seconds 
  Import took 0.012955 seconds .

========================================================================
Received Import Request.
  Time since last request: 1.600648 seconds.
  path: Assets/ToonyTinyPeople/TT_demo/models
  artifactKey: Guid(af8a997049b227740bbdd9a88e83bc64) Importer(815301076,1909f56bfc062723c751e8b465ee728b)
Start importing Assets/ToonyTinyPeople/TT_demo/models using Guid(af8a997049b227740bbdd9a88e83bc64) Importer(815301076,1909f56bfc062723c751e8b465ee728b)  -> (artifact id: '0a660260275db53e6fa2c6f6c78e17af') in 0.007822 seconds 
  Import took 0.011576 seconds .

========================================================================
Received Import Request.
  Time since last request: 2.268007 seconds.
  path: Assets/ToonyTinyPeople/TT_demo/models/Materials
  artifactKey: Guid(e4b75b09167eae74b8f89b19e08191aa) Importer(815301076,1909f56bfc062723c751e8b465ee728b)
Start importing Assets/ToonyTinyPeople/TT_demo/models/Materials using Guid(e4b75b09167eae74b8f89b19e08191aa) Importer(815301076,1909f56bfc062723c751e8b465ee728b)  -> (artifact id: '8c11e554494a5de99b1ae976825e33e5') in 0.007640 seconds 
  Import took 0.011079 seconds .

========================================================================
Received Import Request.
  Time since last request: 2.969369 seconds.
  path: Assets/ToonyTinyPeople/TT_demo/models/Materials/TT_demo.mat
  artifactKey: Guid(8fd192304df88db499eedb3456dc6d67) Importer(815301076,1909f56bfc062723c751e8b465ee728b)
Start importing Assets/ToonyTinyPeople/TT_demo/models/Materials/TT_demo.mat using Guid(8fd192304df88db499eedb3456dc6d67) Importer(815301076,1909f56bfc062723c751e8b465ee728b)  -> (artifact id: '647ef3dfb8d09322d94bb44edd04b67c') in 0.270185 seconds 
  Import took 0.273399 seconds .

========================================================================
Received Import Request.
  Time since last request: 0.000143 seconds.
  path: Assets/ToonyTinyPeople/TT_demo/models/Materials/TT_demo_texture.tga
  artifactKey: Guid(7a97bf571a8477f449be264c891871e1) Importer(815301076,1909f56bfc062723c751e8b465ee728b)
Start importing Assets/ToonyTinyPeople/TT_demo/models/Materials/TT_demo_texture.tga using Guid(7a97bf571a8477f449be264c891871e1) Importer(815301076,1909f56bfc062723c751e8b465ee728b)  -> (artifact id: 'e3101265d6aaf0fed3c69f13ae9e5cc1') in 0.066065 seconds 
  Import took 0.070469 seconds .

========================================================================
Received Import Request.
  Time since last request: 5.283520 seconds.
  path: Assets/Pixelation/Example
  artifactKey: Guid(7ba299b7c24ea1b4ab8c722bc9d75f66) Importer(815301076,1909f56bfc062723c751e8b465ee728b)
Start importing Assets/Pixelation/Example using Guid(7ba299b7c24ea1b4ab8c722bc9d75f66) Importer(815301076,1909f56bfc062723c751e8b465ee728b)  -> (artifact id: 'e21a40f194d55d48fa9e0a6fa96ed89d') in 0.019065 seconds 
  Import took 0.022262 seconds .

========================================================================
Received Import Request.
  Time since last request: 0.656234 seconds.
  path: Assets/Pixelation/Example/Scripts
  artifactKey: Guid(02e13022cfb712246b67fa4a5c2b6188) Importer(815301076,1909f56bfc062723c751e8b465ee728b)
Start importing Assets/Pixelation/Example/Scripts using Guid(02e13022cfb712246b67fa4a5c2b6188) Importer(815301076,1909f56bfc062723c751e8b465ee728b)  -> (artifact id: '1ba57701a7ae5de48b030b74dbcb6e19') in 0.018856 seconds 
  Import took 0.022436 seconds .

========================================================================
Received Import Request.
  Time since last request: 5.618951 seconds.
  path: Assets/Pixelation/Scripts
  artifactKey: Guid(26434225337a7a54e87a13aa7ed6ac06) Importer(815301076,1909f56bfc062723c751e8b465ee728b)
Start importing Assets/Pixelation/Scripts using Guid(26434225337a7a54e87a13aa7ed6ac06) Importer(815301076,1909f56bfc062723c751e8b465ee728b)  -> (artifact id: 'df4d9e3a4fd898dedc5b043be0422b87') in 0.042238 seconds 
  Import took 0.048649 seconds .

========================================================================
Received Import Request.
  Time since last request: 471.069872 seconds.
  path: Assets/Animations/Test4.anim
  artifactKey: Guid(d422cdc2a58e0b544b68f59d86de8df3) Importer(815301076,1909f56bfc062723c751e8b465ee728b)
Start importing Assets/Animations/Test4.anim using Guid(d422cdc2a58e0b544b68f59d86de8df3) Importer(815301076,1909f56bfc062723c751e8b465ee728b)  -> (artifact id: 'af777d5f565099fa879a37365bd27851') in 0.004057 seconds 
  Import took 0.020741 seconds .

========================================================================
Received Prepare
Registering precompiled user dll's ...
Registered in 0.004533 seconds.
Begin MonoManager ReloadAssembly
Symbol file data-00000190F896F7F0 doesn't match image C:\Users\임주영\Documents\GitHub\MakingIntro\Intro animation\Library\ScriptAssemblies\Unity.Services.Core.Editor.dll
Symbol file LoadedFromMemory is not a mono symbol file
Symbol file data-00000190F83CFA10 doesn't match image C:\Users\임주영\Documents\GitHub\MakingIntro\Intro animation\Library\ScriptAssemblies\Cinemachine.dll
Symbol file LoadedFromMemory is not a mono symbol file
Symbol file data-00000190FC830680 doesn't match image C:\Users\임주영\Documents\GitHub\MakingIntro\Intro animation\Library\ScriptAssemblies\Unity.VSCode.Editor.dll
Symbol file LoadedFromMemory is not a mono symbol file
Symbol file data-00000190F91CB010 doesn't match image C:\Users\임주영\Documents\GitHub\MakingIntro\Intro animation\Library\ScriptAssemblies\com.unity.cinemachine.editor.dll
Symbol file LoadedFromMemory is not a mono symbol file
Symbol file data-00000190F91CB010 doesn't match image C:\Users\임주영\Documents\GitHub\MakingIntro\Intro animation\Library\ScriptAssemblies\Unity.TextMeshPro.Editor.dll
Symbol file LoadedFromMemory is not a mono symbol file
Symbol file data-00000190F63FD020 doesn't match image C:\Users\임주영\Documents\GitHub\MakingIntro\Intro animation\Library\ScriptAssemblies\Unity.VisualStudio.Editor.dll
Symbol file LoadedFromMemory is not a mono symbol file
Symbol file data-00000190F5E1B010 doesn't match image C:\Users\임주영\Documents\GitHub\MakingIntro\Intro animation\Library\ScriptAssemblies\UnityEngine.TestRunner.dll
Symbol file LoadedFromMemory is not a mono symbol file
Symbol file data-00000190F7BF2010 doesn't match image C:\Users\임주영\Documents\GitHub\MakingIntro\Intro animation\Library\ScriptAssemblies\Unity.Timeline.Editor.dll
Symbol file LoadedFromMemory is not a mono symbol file
Symbol file data-00000190F91CB010 doesn't match image C:\Users\임주영\Documents\GitHub\MakingIntro\Intro animation\Library\ScriptAssemblies\Unity.Timeline.dll
Symbol file LoadedFromMemory is not a mono symbol file
Symbol file data-00000190F7BF2010 doesn't match image C:\Users\임주영\Documents\GitHub\MakingIntro\Intro animation\Library\ScriptAssemblies\Unity.TextMeshPro.dll
Symbol file LoadedFromMemory is not a mono symbol file
Symbol file data-00000190F91CB010 doesn't match image C:\Users\임주영\Documents\GitHub\MakingIntro\Intro animation\Library\ScriptAssemblies\Unity.CollabProxy.Editor.dll
Symbol file LoadedFromMemory is not a mono symbol file
Symbol file data-00000190F6407590 doesn't match image C:\Users\임주영\Documents\GitHub\MakingIntro\Intro animation\Library\ScriptAssemblies\UnityEditor.TestRunner.dll
Symbol file LoadedFromMemory is not a mono symbol file
Symbol file data-00000190F63FD020 doesn't match image C:\Users\임주영\Documents\GitHub\MakingIntro\Intro animation\Library\ScriptAssemblies\UnityEditor.UI.dll
Symbol file LoadedFromMemory is not a mono symbol file
Symbol file data-00000190FB9F3010 doesn't match image C:\Users\임주영\Documents\GitHub\MakingIntro\Intro animation\Library\ScriptAssemblies\Unity.Rider.Editor.dll
Symbol file LoadedFromMemory is not a mono symbol file
Symbol file data-00000190F80AB020 doesn't match image C:\Users\임주영\Documents\GitHub\MakingIntro\Intro animation\Library\ScriptAssemblies\UnityEngine.UI.dll
Symbol file LoadedFromMemory is not a mono symbol file
Symbol file data-00000190F80AB020 doesn't match image C:\Users\임주영\Documents\GitHub\MakingIntro\Intro animation\Library\ScriptAssemblies\Unity.PlasticSCM.Editor.dll
Symbol file LoadedFromMemory is not a mono symbol file
Native extension for WindowsStandalone target not found
Native extension for WebGL target not found
Refreshing native plugins compatible for Editor in 0.77 ms, found 5 plugins.
Preloading 0 native plugins for Editor in 0.00 ms.
[Auto Package] : Couldn't find the packages list. Be sure there is a file called PackageImportList in your project
UnityEngine.StackTraceUtility:ExtractStackTrace ()
UnityEngine.DebugLogHandler:LogFormat (UnityEngine.LogType,UnityEngine.Object,string,object[])
UnityEngine.Logger:Log (UnityEngine.LogType,object)
UnityEngine.Debug:LogError (object)
SNAP.PackageChecker:CheckPackage () (at Assets/AssetStoreOriginals/_SNAPS_PrototypingAssets/Scripts/Editor/PackageChecker/PackageChecker.cs:40)
System.Reflection.MonoMethod:Invoke (object,System.Reflection.BindingFlags,System.Reflection.Binder,object[],System.Globalization.CultureInfo)
System.Reflection.MethodBase:Invoke (object,object[])
UnityEditor.EditorAssemblies:ProcessInitializeOnLoadMethodAttributes ()

(Filename: Assets/AssetStoreOriginals/_SNAPS_PrototypingAssets/Scripts/Editor/PackageChecker/PackageChecker.cs Line: 40)

Mono: successfully reloaded assembly
- Completed reload, in  1.540 seconds
Domain Reload Profiling:
	ReloadAssembly (1540ms)
		BeginReloadAssembly (149ms)
			ExecutionOrderSort (0ms)
			DisableScriptedObjects (5ms)
			BackupInstance (0ms)
			ReleaseScriptingObjects (0ms)
			CreateAndSetChildDomain (46ms)
		EndReloadAssembly (1316ms)
			LoadAssemblies (127ms)
			RebuildTransferFunctionScriptingTraits (0ms)
			SetupTypeCache (397ms)
			ReleaseScriptCaches (1ms)
			RebuildScriptCaches (61ms)
			SetupLoadedEditorAssemblies (611ms)
				LogAssemblyErrors (0ms)
				InitializePlatformSupportModulesInManaged (9ms)
				SetLoadedEditorAssemblies (1ms)
				RefreshPlugins (1ms)
				BeforeProcessingInitializeOnLoad (120ms)
				ProcessInitializeOnLoadAttributes (426ms)
				ProcessInitializeOnLoadMethodAttributes (48ms)
				AfterProcessingInitializeOnLoad (7ms)
				EditorAssembliesLoaded (0ms)
			ExecutionOrderSort2 (0ms)
			AwakeInstancesAfterBackupRestoration (9ms)
Platform modules already initialized, skipping
Refreshing native plugins compatible for Editor in 1.15 ms, found 5 plugins.
Preloading 0 native plugins for Editor in 0.00 ms.
Unloading 2261 Unused Serialized files (Serialized files now loaded: 0)
System memory in use before: 106.7 MB.
System memory in use after: 106.9 MB.

Unloading 21 unused Assets to reduce memory usage. Loaded Objects now: 2785.
Total: 4.284400 ms (FindLiveObjects: 0.427400 ms CreateObjectMapping: 0.083300 ms MarkObjects: 3.631900 ms  DeleteObjects: 0.139900 ms)

AssetImportParameters requested are different than current active one (requested -> active):
  custom:framework-win-MediaFoundation: 216162199b28c13a410421893ffa2e32 -> 
  custom:video-decoder-ogg-theora: a1e56fd34408186e4bbccfd4996cb3dc -> 
  custom:container-muxer-webm: aa71ff27fc2769a1b78a27578f13a17b -> 
  custom:container-demuxer-webm: 4f35f7cbe854078d1ac9338744f61a02 -> 
  custom:container-demuxer-ogg: 62fdf1f143b41e24485cea50d1cbac27 -> 
  custom:video-encoder-webm-vp8: eb34c28f22e8b96e1ab97ce403110664 -> 
  custom:video-decoder-webm-vp8: 9c59270c3fd7afecdb556c50c9e8de78 -> 
  custom:audio-decoder-ogg-vorbis: bf7c407c2cedff20999df2af8eb42d56 -> 
  custom:audio-encoder-webm-vorbis: bf7c407c2cedff20999df2af8eb42d56 -> 
========================================================================
Received Prepare
Registering precompiled user dll's ...
Registered in 0.003821 seconds.
Begin MonoManager ReloadAssembly
Symbol file data-00000190FE752010 doesn't match image C:\Users\임주영\Documents\GitHub\MakingIntro\Intro animation\Library\ScriptAssemblies\Unity.Services.Core.Editor.dll
Symbol file LoadedFromMemory is not a mono symbol file
Symbol file data-00000190F6602010 doesn't match image C:\Users\임주영\Documents\GitHub\MakingIntro\Intro animation\Library\ScriptAssemblies\Cinemachine.dll
Symbol file LoadedFromMemory is not a mono symbol file
Symbol file data-00000190FC83C4D0 doesn't match image C:\Users\임주영\Documents\GitHub\MakingIntro\Intro animation\Library\ScriptAssemblies\Unity.VSCode.Editor.dll
Symbol file LoadedFromMemory is not a mono symbol file
Symbol file data-00000190F9301030 doesn't match image C:\Users\임주영\Documents\GitHub\MakingIntro\Intro animation\Library\ScriptAssemblies\com.unity.cinemachine.editor.dll
Symbol file LoadedFromMemory is not a mono symbol file
Symbol file data-00000190F9301030 doesn't match image C:\Users\임주영\Documents\GitHub\MakingIntro\Intro animation\Library\ScriptAssemblies\Unity.TextMeshPro.Editor.dll
Symbol file LoadedFromMemory is not a mono symbol file
Symbol file data-00000190F987B100 doesn't match image C:\Users\임주영\Documents\GitHub\MakingIntro\Intro animation\Library\ScriptAssemblies\Unity.VisualStudio.Editor.dll
Symbol file LoadedFromMemory is not a mono symbol file
Symbol file data-00000190FE318020 doesn't match image C:\Users\임주영\Documents\GitHub\MakingIntro\Intro animation\Library\ScriptAssemblies\UnityEngine.TestRunner.dll
Symbol file LoadedFromMemory is not a mono symbol file
Symbol file data-00000190F5FBFE50 doesn't match image C:\Users\임주영\Documents\GitHub\MakingIntro\Intro animation\Library\ScriptAssemblies\Unity.Timeline.Editor.dll
Symbol file LoadedFromMemory is not a mono symbol file
Symbol file data-00000190F9301030 doesn't match image C:\Users\임주영\Documents\GitHub\MakingIntro\Intro animation\Library\ScriptAssemblies\Unity.Timeline.dll
Symbol file LoadedFromMemory is not a mono symbol file
Symbol file data-00000190F9615040 doesn't match image C:\Users\임주영\Documents\GitHub\MakingIntro\Intro animation\Library\ScriptAssemblies\Unity.TextMeshPro.dll
Symbol file LoadedFromMemory is not a mono symbol file
Symbol file data-00000190FE318020 doesn't match image C:\Users\임주영\Documents\GitHub\MakingIntro\Intro animation\Library\ScriptAssemblies\Unity.CollabProxy.Editor.dll
Symbol file LoadedFromMemory is not a mono symbol file
Symbol file data-00000190F8497010 doesn't match image C:\Users\임주영\Documents\GitHub\MakingIntro\Intro animation\Library\ScriptAssemblies\UnityEditor.TestRunner.dll
Symbol file LoadedFromMemory is not a mono symbol file
Symbol file data-00000190F987B100 doesn't match image C:\Users\임주영\Documents\GitHub\MakingIntro\Intro animation\Library\ScriptAssemblies\UnityEditor.UI.dll
Symbol file LoadedFromMemory is not a mono symbol file
Symbol file data-00000190FCDDBC00 doesn't match image C:\Users\임주영\Documents\GitHub\MakingIntro\Intro animation\Library\ScriptAssemblies\Unity.Rider.Editor.dll
Symbol file LoadedFromMemory is not a mono symbol file
Symbol file data-00000190FE22EEF0 doesn't match image C:\Users\임주영\Documents\GitHub\MakingIntro\Intro animation\Library\ScriptAssemblies\UnityEngine.UI.dll
Symbol file LoadedFromMemory is not a mono symbol file
Symbol file data-00000190FB255020 doesn't match image C:\Users\임주영\Documents\GitHub\MakingIntro\Intro animation\Library\ScriptAssemblies\Unity.PlasticSCM.Editor.dll
Symbol file LoadedFromMemory is not a mono symbol file
Native extension for WindowsStandalone target not found
Native extension for WebGL target not found
Refreshing native plugins compatible for Editor in 0.44 ms, found 5 plugins.
Preloading 0 native plugins for Editor in 0.00 ms.
[Auto Package] : Couldn't find the packages list. Be sure there is a file called PackageImportList in your project
UnityEngine.StackTraceUtility:ExtractStackTrace ()
UnityEngine.DebugLogHandler:LogFormat (UnityEngine.LogType,UnityEngine.Object,string,object[])
UnityEngine.Logger:Log (UnityEngine.LogType,object)
UnityEngine.Debug:LogError (object)
SNAP.PackageChecker:CheckPackage () (at Assets/AssetStoreOriginals/_SNAPS_PrototypingAssets/Scripts/Editor/PackageChecker/PackageChecker.cs:40)
System.Reflection.MonoMethod:Invoke (object,System.Reflection.BindingFlags,System.Reflection.Binder,object[],System.Globalization.CultureInfo)
System.Reflection.MethodBase:Invoke (object,object[])
UnityEditor.EditorAssemblies:ProcessInitializeOnLoadMethodAttributes ()

(Filename: Assets/AssetStoreOriginals/_SNAPS_PrototypingAssets/Scripts/Editor/PackageChecker/PackageChecker.cs Line: 40)

Mono: successfully reloaded assembly
- Completed reload, in  1.286 seconds
Domain Reload Profiling:
	ReloadAssembly (1286ms)
		BeginReloadAssembly (152ms)
			ExecutionOrderSort (0ms)
			DisableScriptedObjects (8ms)
			BackupInstance (0ms)
			ReleaseScriptingObjects (0ms)
			CreateAndSetChildDomain (48ms)
		EndReloadAssembly (1082ms)
			LoadAssemblies (110ms)
			RebuildTransferFunctionScriptingTraits (0ms)
			SetupTypeCache (296ms)
			ReleaseScriptCaches (1ms)
			RebuildScriptCaches (38ms)
			SetupLoadedEditorAssemblies (556ms)
				LogAssemblyErrors (0ms)
				InitializePlatformSupportModulesInManaged (5ms)
				SetLoadedEditorAssemblies (2ms)
				RefreshPlugins (0ms)
				BeforeProcessingInitializeOnLoad (108ms)
				ProcessInitializeOnLoadAttributes (402ms)
				ProcessInitializeOnLoadMethodAttributes (34ms)
				AfterProcessingInitializeOnLoad (4ms)
				EditorAssembliesLoaded (0ms)
			ExecutionOrderSort2 (0ms)
			AwakeInstancesAfterBackupRestoration (5ms)
Platform modules already initialized, skipping
Refreshing native plugins compatible for Editor in 0.53 ms, found 5 plugins.
Preloading 0 native plugins for Editor in 0.00 ms.
Unloading 2261 Unused Serialized files (Serialized files now loaded: 0)
System memory in use before: 106.7 MB.
System memory in use after: 106.9 MB.

Unloading 21 unused Assets to reduce memory usage. Loaded Objects now: 2787.
Total: 3.969400 ms (FindLiveObjects: 0.134900 ms CreateObjectMapping: 0.056600 ms MarkObjects: 3.640600 ms  DeleteObjects: 0.135900 ms)

AssetImportParameters requested are different than current active one (requested -> active):
  custom:framework-win-MediaFoundation: 216162199b28c13a410421893ffa2e32 -> 
  custom:video-decoder-ogg-theora: a1e56fd34408186e4bbccfd4996cb3dc -> 
  custom:container-muxer-webm: aa71ff27fc2769a1b78a27578f13a17b -> 
  custom:container-demuxer-webm: 4f35f7cbe854078d1ac9338744f61a02 -> 
  custom:container-demuxer-ogg: 62fdf1f143b41e24485cea50d1cbac27 -> 
  custom:video-encoder-webm-vp8: eb34c28f22e8b96e1ab97ce403110664 -> 
  custom:video-decoder-webm-vp8: 9c59270c3fd7afecdb556c50c9e8de78 -> 
  custom:audio-decoder-ogg-vorbis: bf7c407c2cedff20999df2af8eb42d56 -> 
  custom:audio-encoder-webm-vorbis: bf7c407c2cedff20999df2af8eb42d56 -> 
AssetImportWorkerClient::OnTransportError - code=2 error=End of file
